# JRE version: Java(TM) SE Runtime Environment (8.0_91-b14) (build 1.8.0_91-b14)
# Java VM: Java HotSpot(TM) 64-Bit Server VM (25.91-b14 mixed mode linux-amd64 compressed oops)
Heap:
 PSYoungGen      total 838656K, used 65525K [0x000000076d000000, 0x00000007ab000000, 0x00000007c0000000)
  eden space 824320K, 6% used [0x000000076d000000,0x00000007706eedf8,0x000000079f500000)
  from space 14336K, 64% used [0x000000079f500000,0x000000079fe0e608,0x00000007a0300000)
  to   space 13824K, 0% used [0x00000007aa280000,0x00000007aa280000,0x00000007ab000000)
 ParOldGen       total 139776K, used 29105K [0x00000006c7000000, 0x00000006cf880000, 0x000000076d000000)
  object space 139776K, 20% used [0x00000006c7000000,0x00000006c8c6c588,0x00000006cf880000)
 Metaspace       used 38854K, capacity 51721K, committed 51840K, reserved 1087488K
  class space    used 10333K, capacity 14694K, committed 14720K, reserved 1048576K
GC Heap History (10 events):
Event: 4344,623 GC heap before
{Heap before GC invocations=9 (full 1):
 PSYoungGen      total 273408K, used 266548K [0x000000076d000000, 0x000000078e500000, 0x00000007c0000000)
  eden space 257536K, 100% used [0x000000076d000000,0x000000077cb80000,0x000000077cb80000)
  from space 15872K, 56% used [0x000000077cb80000,0x000000077d44d110,0x000000077db00000)
  to   space 15360K, 0% used [0x000000078d600000,0x000000078d600000,0x000000078e500000)
 ParOldGen       total 82944K, used 14612K [0x00000006c7000000, 0x00000006cc100000, 0x000000076d000000)
  object space 82944K, 17% used [0x00000006c7000000,0x00000006c7e45168,0x00000006cc100000)
 Metaspace       used 27583K, capacity 33319K, committed 33536K, reserved 1073152K
  class space    used 6915K, capacity 9091K, committed 9216K, reserved 1048576K
Event: 4344,632 GC heap after
Heap after GC invocations=9 (full 1):
 PSYoungGen      total 529408K, used 9478K [0x000000076d000000, 0x000000078e400000, 0x00000007c0000000)
  eden space 515072K, 0% used [0x000000076d000000,0x000000076d000000,0x000000078c700000)
  from space 14336K, 66% used [0x000000078d600000,0x000000078df41b18,0x000000078e400000)
  to   space 14848K, 0% used [0x000000078c700000,0x000000078c700000,0x000000078d580000)
 ParOldGen       total 82944K, used 14620K [0x00000006c7000000, 0x00000006cc100000, 0x000000076d000000)
  object space 82944K, 17% used [0x00000006c7000000,0x00000006c7e47168,0x00000006cc100000)
 Metaspace       used 27583K, capacity 33319K, committed 33536K, reserved 1073152K
  class space    used 6915K, capacity 9091K, committed 9216K, reserved 1048576K
}
Event: 4345,031 GC heap before
{Heap before GC invocations=10 (full 1):
 PSYoungGen      total 529408K, used 524550K [0x000000076d000000, 0x000000078e400000, 0x00000007c0000000)
  eden space 515072K, 100% used [0x000000076d000000,0x000000078c700000,0x000000078c700000)
  from space 14336K, 66% used [0x000000078d600000,0x000000078df41b18,0x000000078e400000)
  to   space 14848K, 0% used [0x000000078c700000,0x000000078c700000,0x000000078d580000)
 ParOldGen       total 82944K, used 14620K [0x00000006c7000000, 0x00000006cc100000, 0x000000076d000000)
  object space 82944K, 17% used [0x00000006c7000000,0x00000006c7e47168,0x00000006cc100000)
 Metaspace       used 28044K, capacity 34119K, committed 34304K, reserved 1075200K
  class space    used 7072K, capacity 9355K, committed 9472K, reserved 1048576K
Event: 4345,045 GC heap after
Heap after GC invocations=10 (full 1):
 PSYoungGen      total 529920K, used 9805K [0x000000076d000000, 0x00000007a1100000, 0x00000007c0000000)
  eden space 515072K, 0% used [0x000000076d000000,0x000000076d000000,0x000000078c700000)
  from space 14848K, 66% used [0x000000078c700000,0x000000078d0937f8,0x000000078d580000)
  to   space 14336K, 0% used [0x00000007a0300000,0x00000007a0300000,0x00000007a1100000)
 ParOldGen       total 82944K, used 17565K [0x00000006c7000000, 0x00000006cc100000, 0x000000076d000000)
  object space 82944K, 21% used [0x00000006c7000000,0x00000006c8127780,0x00000006cc100000)
 Metaspace       used 28044K, capacity 34119K, committed 34304K, reserved 1075200K
  class space    used 7072K, capacity 9355K, committed 9472K, reserved 1048576K
}
Event: 4345,245 GC heap before
{Heap before GC invocations=11 (full 1):
 PSYoungGen      total 529920K, used 184550K [0x000000076d000000, 0x00000007a1100000, 0x00000007c0000000)
  eden space 515072K, 33% used [0x000000076d000000,0x0000000777aa6210,0x000000078c700000)
  from space 14848K, 66% used [0x000000078c700000,0x000000078d0937f8,0x000000078d580000)
  to   space 14336K, 0% used [0x00000007a0300000,0x00000007a0300000,0x00000007a1100000)
 ParOldGen       total 82944K, used 17565K [0x00000006c7000000, 0x00000006cc100000, 0x000000076d000000)
  object space 82944K, 21% used [0x00000006c7000000,0x00000006c8127780,0x00000006cc100000)
 Metaspace       used 28801K, capacity 35411K, committed 35496K, reserved 1075200K
  class space    used 7338K, capacity 9771K, committed 9856K, reserved 1048576K
Event: 4345,254 GC heap after
Heap after GC invocations=11 (full 1):
 PSYoungGen      total 838656K, used 5920K [0x000000076d000000, 0x00000007a1100000, 0x00000007c0000000)
  eden space 824320K, 0% used [0x000000076d000000,0x000000076d000000,0x000000079f500000)
  from space 14336K, 41% used [0x00000007a0300000,0x00000007a08c8000,0x00000007a1100000)
  to   space 14336K, 0% used [0x000000079f500000,0x000000079f500000,0x00000007a0300000)
 ParOldGen       total 82944K, used 23792K [0x00000006c7000000, 0x00000006cc100000, 0x000000076d000000)
  object space 82944K, 28% used [0x00000006c7000000,0x00000006c873c228,0x00000006cc100000)
 Metaspace       used 28801K, capacity 35411K, committed 35496K, reserved 1075200K
  class space    used 7338K, capacity 9771K, committed 9856K, reserved 1048576K
}
Event: 4345,255 GC heap before
{Heap before GC invocations=12 (full 2):
 PSYoungGen      total 838656K, used 5920K [0x000000076d000000, 0x00000007a1100000, 0x00000007c0000000)
  eden space 824320K, 0% used [0x000000076d000000,0x000000076d000000,0x000000079f500000)
  from space 14336K, 41% used [0x00000007a0300000,0x00000007a08c8000,0x00000007a1100000)
  to   space 14336K, 0% used [0x000000079f500000,0x000000079f500000,0x00000007a0300000)
 ParOldGen       total 82944K, used 23792K [0x00000006c7000000, 0x00000006cc100000, 0x000000076d000000)
  object space 82944K, 28% used [0x00000006c7000000,0x00000006c873c228,0x00000006cc100000)
 Metaspace       used 28801K, capacity 35411K, committed 35496K, reserved 1075200K
  class space    used 7338K, capacity 9771K, committed 9856K, reserved 1048576K
Event: 4345,509 GC heap after
Heap after GC invocations=12 (full 2):
 PSYoungGen      total 838656K, used 0K [0x000000076d000000, 0x00000007a1100000, 0x00000007c0000000)
  eden space 824320K, 0% used [0x000000076d000000,0x000000076d000000,0x000000079f500000)
  from space 14336K, 0% used [0x00000007a0300000,0x00000007a0300000,0x00000007a1100000)
  to   space 14336K, 0% used [0x000000079f500000,0x000000079f500000,0x00000007a0300000)
 ParOldGen       total 139776K, used 29097K [0x00000006c7000000, 0x00000006cf880000, 0x000000076d000000)
  object space 139776K, 20% used [0x00000006c7000000,0x00000006c8c6a588,0x00000006cf880000)
 Metaspace       used 28801K, capacity 35411K, committed 35496K, reserved 1075200K
  class space    used 7338K, capacity 9771K, committed 9856K, reserved 1048576K
}
Event: 4347,300 GC heap before
{Heap before GC invocations=13 (full 2):
 PSYoungGen      total 838656K, used 824320K [0x000000076d000000, 0x00000007a1100000, 0x00000007c0000000)
  eden space 824320K, 100% used [0x000000076d000000,0x000000079f500000,0x000000079f500000)
  from space 14336K, 0% used [0x00000007a0300000,0x00000007a0300000,0x00000007a1100000)
  to   space 14336K, 0% used [0x000000079f500000,0x000000079f500000,0x00000007a0300000)
 ParOldGen       total 139776K, used 29097K [0x00000006c7000000, 0x00000006cf880000, 0x000000076d000000)
  object space 139776K, 20% used [0x00000006c7000000,0x00000006c8c6a588,0x00000006cf880000)
 Metaspace       used 38408K, capacity 51171K, committed 51456K, reserved 1085440K
  class space    used 10226K, capacity 14557K, committed 14592K, reserved 1048576K
Event: 4347,309 GC heap after
Heap after GC invocations=13 (full 2):
 PSYoungGen      total 838656K, used 9273K [0x000000076d000000, 0x00000007ab000000, 0x00000007c0000000)
  eden space 824320K, 0% used [0x000000076d000000,0x000000076d000000,0x000000079f500000)
  from space 14336K, 64% used [0x000000079f500000,0x000000079fe0e608,0x00000007a0300000)
  to   space 13824K, 0% used [0x00000007aa280000,0x00000007aa280000,0x00000007ab000000)
 ParOldGen       total 139776K, used 29105K [0x00000006c7000000, 0x00000006cf880000, 0x000000076d000000)
  object space 139776K, 20% used [0x00000006c7000000,0x00000006c8c6c588,0x00000006cf880000)
 Metaspace       used 38408K, capacity 51171K, committed 51456K, reserved 1085440K
  class space    used 10226K, capacity 14557K, committed 14592K, reserved 1048576K
}

