# JRE version: Java(TM) SE Runtime Environment (8.0_91-b14) (build 1.8.0_91-b14)
# Java VM: Java HotSpot(TM) 64-Bit Server VM (25.91-b14 mixed mode linux-amd64 compressed oops)
Heap:
 PSYoungGen      total 543744K, used 294603K [0x000000076d000000, 0x0000000790c80000, 0x00000007c0000000)
  eden space 538624K, 53% used [0x000000076d000000,0x000000077eb06eb8,0x000000078de00000)
  from space 5120K, 93% used [0x0000000790780000,0x0000000790c2c020,0x0000000790c80000)
  to   space 13824K, 0% used [0x000000078f180000,0x000000078f180000,0x000000078ff00000)
 ParOldGen       total 173568K, used 21168K [0x00000006c7000000, 0x00000006d1980000, 0x000000076d000000)
  object space 173568K, 12% used [0x00000006c7000000,0x00000006c84ac390,0x00000006d1980000)
 Metaspace       used 36894K, capacity 48719K, committed 48808K, reserved 1085440K
  class space    used 9730K, capacity 13689K, committed 13736K, reserved 1048576K
GC Heap History (10 events):
Event: 2,986 GC heap before
{Heap before GC invocations=8 (full 1):
 PSYoungGen      total 281600K, used 278604K [0x000000076d000000, 0x0000000785880000, 0x00000007c0000000)
  eden space 271360K, 100% used [0x000000076d000000,0x000000077d900000,0x000000077d900000)
  from space 10240K, 70% used [0x000000077e300000,0x000000077ea13358,0x000000077ed00000)
  to   space 10240K, 0% used [0x000000077d900000,0x000000077d900000,0x000000077e300000)
 ParOldGen       total 108032K, used 7577K [0x00000006c7000000, 0x00000006cd980000, 0x000000076d000000)
  object space 108032K, 7% used [0x00000006c7000000,0x00000006c77667b0,0x00000006cd980000)
 Metaspace       used 25398K, capacity 30033K, committed 30384K, reserved 1071104K
  class space    used 6265K, capacity 7992K, committed 8112K, reserved 1048576K
Event: 2,993 GC heap after
Heap after GC invocations=8 (full 1):
 PSYoungGen      total 281600K, used 7842K [0x000000076d000000, 0x0000000788480000, 0x00000007c0000000)
  eden space 271360K, 0% used [0x000000076d000000,0x000000076d000000,0x000000077d900000)
  from space 10240K, 76% used [0x000000077d900000,0x000000077e0a8988,0x000000077e300000)
  to   space 10240K, 0% used [0x0000000787a80000,0x0000000787a80000,0x0000000788480000)
 ParOldGen       total 108032K, used 7585K [0x00000006c7000000, 0x00000006cd980000, 0x000000076d000000)
  object space 108032K, 7% used [0x00000006c7000000,0x00000006c77687b0,0x00000006cd980000)
 Metaspace       used 25398K, capacity 30033K, committed 30384K, reserved 1071104K
  class space    used 6265K, capacity 7992K, committed 8112K, reserved 1048576K
}
Event: 3,312 GC heap before
{Heap before GC invocations=9 (full 1):
 PSYoungGen      total 281600K, used 279202K [0x000000076d000000, 0x0000000788480000, 0x00000007c0000000)
  eden space 271360K, 100% used [0x000000076d000000,0x000000077d900000,0x000000077d900000)
  from space 10240K, 76% used [0x000000077d900000,0x000000077e0a8988,0x000000077e300000)
  to   space 10240K, 0% used [0x0000000787a80000,0x0000000787a80000,0x0000000788480000)
 ParOldGen       total 108032K, used 7585K [0x00000006c7000000, 0x00000006cd980000, 0x000000076d000000)
  object space 108032K, 7% used [0x00000006c7000000,0x00000006c77687b0,0x00000006cd980000)
 Metaspace       used 26142K, capacity 31313K, committed 31536K, reserved 1073152K
  class space    used 6519K, capacity 8384K, committed 8496K, reserved 1048576K
Event: 3,323 GC heap after
Heap after GC invocations=9 (full 1):
 PSYoungGen      total 435200K, used 10236K [0x000000076d000000, 0x0000000788a00000, 0x00000007c0000000)
  eden space 424960K, 0% used [0x000000076d000000,0x000000076d000000,0x0000000786f00000)
  from space 10240K, 99% used [0x0000000787a80000,0x000000078847f348,0x0000000788480000)
  to   space 11776K, 0% used [0x0000000786f00000,0x0000000786f00000,0x0000000787a80000)
 ParOldGen       total 108032K, used 8896K [0x00000006c7000000, 0x00000006cd980000, 0x000000076d000000)
  object space 108032K, 8% used [0x00000006c7000000,0x00000006c78b0330,0x00000006cd980000)
 Metaspace       used 26142K, capacity 31313K, committed 31536K, reserved 1073152K
  class space    used 6519K, capacity 8384K, committed 8496K, reserved 1048576K
}
Event: 3,915 GC heap before
{Heap before GC invocations=10 (full 1):
 PSYoungGen      total 435200K, used 321681K [0x000000076d000000, 0x0000000788a00000, 0x00000007c0000000)
  eden space 424960K, 73% used [0x000000076d000000,0x0000000780025160,0x0000000786f00000)
  from space 10240K, 99% used [0x0000000787a80000,0x000000078847f348,0x0000000788480000)
  to   space 11776K, 0% used [0x0000000786f00000,0x0000000786f00000,0x0000000787a80000)
 ParOldGen       total 108032K, used 8896K [0x00000006c7000000, 0x00000006cd980000, 0x000000076d000000)
  object space 108032K, 8% used [0x00000006c7000000,0x00000006c78b0330,0x00000006cd980000)
 Metaspace       used 28872K, capacity 35439K, committed 35496K, reserved 1075200K
  class space    used 7311K, capacity 9586K, committed 9640K, reserved 1048576K
Event: 3,926 GC heap after
Heap after GC invocations=10 (full 1):
 PSYoungGen      total 436736K, used 11776K [0x000000076d000000, 0x0000000791480000, 0x00000007c0000000)
  eden space 424960K, 0% used [0x000000076d000000,0x000000076d000000,0x0000000786f00000)
  from space 11776K, 100% used [0x0000000786f00000,0x0000000787a80000,0x0000000787a80000)
  to   space 13312K, 0% used [0x0000000790780000,0x0000000790780000,0x0000000791480000)
 ParOldGen       total 108032K, used 10158K [0x00000006c7000000, 0x00000006cd980000, 0x000000076d000000)
  object space 108032K, 9% used [0x00000006c7000000,0x00000006c79eba50,0x00000006cd980000)
 Metaspace       used 28872K, capacity 35439K, committed 35496K, reserved 1075200K
  class space    used 7311K, capacity 9586K, committed 9640K, reserved 1048576K
}
Event: 3,926 GC heap before
{Heap before GC invocations=11 (full 2):
 PSYoungGen      total 436736K, used 11776K [0x000000076d000000, 0x0000000791480000, 0x00000007c0000000)
  eden space 424960K, 0% used [0x000000076d000000,0x000000076d000000,0x0000000786f00000)
  from space 11776K, 100% used [0x0000000786f00000,0x0000000787a80000,0x0000000787a80000)
  to   space 13312K, 0% used [0x0000000790780000,0x0000000790780000,0x0000000791480000)
 ParOldGen       total 108032K, used 10158K [0x00000006c7000000, 0x00000006cd980000, 0x000000076d000000)
  object space 108032K, 9% used [0x00000006c7000000,0x00000006c79eba50,0x00000006cd980000)
 Metaspace       used 28872K, capacity 35439K, committed 35496K, reserved 1075200K
  class space    used 7311K, capacity 9586K, committed 9640K, reserved 1048576K
Event: 4,001 GC heap after
Heap after GC invocations=11 (full 2):
 PSYoungGen      total 436736K, used 0K [0x000000076d000000, 0x0000000791480000, 0x00000007c0000000)
  eden space 424960K, 0% used [0x000000076d000000,0x000000076d000000,0x0000000786f00000)
  from space 11776K, 0% used [0x0000000786f00000,0x0000000786f00000,0x0000000787a80000)
  to   space 13312K, 0% used [0x0000000790780000,0x0000000790780000,0x0000000791480000)
 ParOldGen       total 173568K, used 21160K [0x00000006c7000000, 0x00000006d1980000, 0x000000076d000000)
  object space 173568K, 12% used [0x00000006c7000000,0x00000006c84aa390,0x00000006d1980000)
 Metaspace       used 28872K, capacity 35439K, committed 35496K, reserved 1075200K
  class space    used 7311K, capacity 9586K, committed 9640K, reserved 1048576K
}
Event: 4,783 GC heap before
{Heap before GC invocations=12 (full 2):
 PSYoungGen      total 436736K, used 424960K [0x000000076d000000, 0x0000000791480000, 0x00000007c0000000)
  eden space 424960K, 100% used [0x000000076d000000,0x0000000786f00000,0x0000000786f00000)
  from space 11776K, 0% used [0x0000000786f00000,0x0000000786f00000,0x0000000787a80000)
  to   space 13312K, 0% used [0x0000000790780000,0x0000000790780000,0x0000000791480000)
 ParOldGen       total 173568K, used 21160K [0x00000006c7000000, 0x00000006d1980000, 0x000000076d000000)
  object space 173568K, 12% used [0x00000006c7000000,0x00000006c84aa390,0x00000006d1980000)
 Metaspace       used 32178K, capacity 41287K, committed 41512K, reserved 1079296K
  class space    used 8328K, capacity 11276K, committed 11304K, reserved 1048576K
Event: 4,789 GC heap after
Heap after GC invocations=12 (full 2):
 PSYoungGen      total 543744K, used 4784K [0x000000076d000000, 0x0000000790c80000, 0x00000007c0000000)
  eden space 538624K, 0% used [0x000000076d000000,0x000000076d000000,0x000000078de00000)
  from space 5120K, 93% used [0x0000000790780000,0x0000000790c2c020,0x0000000790c80000)
  to   space 13824K, 0% used [0x000000078f180000,0x000000078f180000,0x000000078ff00000)
 ParOldGen       total 173568K, used 21168K [0x00000006c7000000, 0x00000006d1980000, 0x000000076d000000)
  object space 173568K, 12% used [0x00000006c7000000,0x00000006c84ac390,0x00000006d1980000)
 Metaspace       used 32178K, capacity 41287K, committed 41512K, reserved 1079296K
  class space    used 8328K, capacity 11276K, committed 11304K, reserved 1048576K
}

